[0m10:16:00.759430 [debug] [MainThread]: Sending event: {'category': 'dbt', 'action': 'invocation', 'label': 'start', 'context': [<snowplow_tracker.self_describing_json.SelfDescribingJson object at 0x7452c2331df0>, <snowplow_tracker.self_describing_json.SelfDescribingJson object at 0x7452c31c1d60>, <snowplow_tracker.self_describing_json.SelfDescribingJson object at 0x7452c3dd4740>]}


============================== 10:16:00.764146 | 3f767ad1-cc4e-4962-ba98-dc616dfd6390 ==============================
[0m10:16:00.764146 [info ] [MainThread]: Running with dbt=1.11.5
[0m10:16:00.764964 [debug] [MainThread]: running dbt with arguments {'printer_width': '80', 'log_cache_events': 'False', 'log_format': 'default', 'warn_error': 'None', 'partial_parse': 'True', 'version_check': 'True', 'quiet': 'False', 'cache_selected_only': 'False', 'log_path': 'logs', 'profiles_dir': '/home/codespace/.dbt', 'empty': 'None', 'no_print': 'None', 'use_experimental_parser': 'False', 'introspect': 'True', 'warn_error_options': 'WarnErrorOptionsV2(error=[], warn=[], silence=[])', 'fail_fast': 'False', 'invocation_command': 'dbt init growth_engine', 'static_parser': 'True', 'send_anonymous_usage_stats': 'True', 'use_colors': 'True', 'indirect_selection': 'eager', 'debug': 'False', 'write_json': 'True', 'target_path': 'None'}
[0m10:16:00.774139 [info ] [MainThread]: Creating dbt configuration folder at /home/codespace/.dbt
[0m10:16:00.775712 [debug] [MainThread]: Starter project path: /usr/local/python/3.12.1/lib/python3.12/site-packages/dbt/include/starter_project
[0m10:16:00.778608 [info ] [MainThread]: 
Your new dbt project "growth_engine" was created!

For more information on how to configure the profiles.yml file,
please consult the dbt documentation here:

  https://docs.getdbt.com/docs/configure-your-profile

One more thing:

Need help? Don't hesitate to reach out to us via GitHub issues or on Slack:

  https://community.getdbt.com/

Happy modeling!

[0m10:16:00.779153 [info ] [MainThread]: Setting up your profile.
[0m10:17:51.207702 [info ] [MainThread]: Profile growth_engine written to /home/codespace/.dbt/profiles.yml using target's profile_template.yml and your supplied values. Run 'dbt debug' to validate the connection.
[0m10:17:51.210026 [debug] [MainThread]: Resource report: {"command_name": "init", "command_success": true, "command_wall_clock_time": 110.64334, "process_in_blocks": "18632", "process_kernel_time": 0.218447, "process_mem_max_rss": "123572", "process_out_blocks": "80", "process_user_time": 3.081768}
[0m10:17:51.210897 [debug] [MainThread]: Command `dbt init` succeeded at 10:17:51.210772 after 110.64 seconds
[0m10:17:51.211565 [debug] [MainThread]: Sending event: {'category': 'dbt', 'action': 'invocation', 'label': 'end', 'context': [<snowplow_tracker.self_describing_json.SelfDescribingJson object at 0x7452c3eaf5c0>, <snowplow_tracker.self_describing_json.SelfDescribingJson object at 0x7452c23c8b30>, <snowplow_tracker.self_describing_json.SelfDescribingJson object at 0x7452c2285670>]}
[0m10:17:51.212263 [debug] [MainThread]: Flushing usage events
[0m10:17:51.594885 [debug] [MainThread]: An error was encountered while trying to flush usage events
[0m10:18:17.477408 [debug] [MainThread]: Sending event: {'category': 'dbt', 'action': 'invocation', 'label': 'start', 'context': [<snowplow_tracker.self_describing_json.SelfDescribingJson object at 0x792a4cce23c0>, <snowplow_tracker.self_describing_json.SelfDescribingJson object at 0x792a4bfe6ba0>, <snowplow_tracker.self_describing_json.SelfDescribingJson object at 0x792a4c2d6180>]}


============================== 10:18:17.480844 | bc150f35-b96c-434c-bd16-cb2288589000 ==============================
[0m10:18:17.480844 [info ] [MainThread]: Running with dbt=1.11.5
[0m10:18:17.481651 [debug] [MainThread]: running dbt with arguments {'use_colors': 'True', 'fail_fast': 'False', 'no_print': 'None', 'profiles_dir': '/home/codespace/.dbt', 'log_format': 'default', 'static_parser': 'True', 'quiet': 'False', 'printer_width': '80', 'log_path': 'logs', 'invocation_command': 'dbt debug', 'log_cache_events': 'False', 'debug': 'False', 'version_check': 'True', 'empty': 'None', 'partial_parse': 'True', 'indirect_selection': 'eager', 'target_path': 'None', 'warn_error_options': 'WarnErrorOptionsV2(error=[], warn=[], silence=[])', 'introspect': 'True', 'cache_selected_only': 'False', 'use_experimental_parser': 'False', 'send_anonymous_usage_stats': 'True', 'warn_error': 'None', 'write_json': 'True'}
[0m10:18:17.491203 [info ] [MainThread]: dbt version: 1.11.5
[0m10:18:17.491801 [info ] [MainThread]: python version: 3.12.1
[0m10:18:17.492323 [info ] [MainThread]: python path: /usr/local/python/3.12.1/bin/python3
[0m10:18:17.492833 [info ] [MainThread]: os info: Linux-6.8.0-1030-azure-x86_64-with-glibc2.39
[0m10:18:17.537662 [info ] [MainThread]: Using profiles dir at /home/codespace/.dbt
[0m10:18:17.538326 [info ] [MainThread]: Using profiles.yml file at /home/codespace/.dbt/profiles.yml
[0m10:18:17.538908 [info ] [MainThread]: Using dbt_project.yml file at /workspaces/growth-engine/dbt_project.yml
[0m10:18:17.539575 [info ] [MainThread]: adapter type: postgres
[0m10:18:17.540032 [info ] [MainThread]: adapter version: 1.10.0
[0m10:18:17.540534 [info ] [MainThread]: Configuration:
[0m10:18:17.540964 [info ] [MainThread]:   profiles.yml file [[32mOK found and valid[0m]
[0m10:18:17.541397 [info ] [MainThread]:   dbt_project.yml file [[31mERROR not found[0m]
[0m10:18:17.541864 [info ] [MainThread]: Required dependencies:
[0m10:18:17.542348 [debug] [MainThread]: Executing "git --help"
[0m10:18:17.547398 [debug] [MainThread]: STDOUT: "b"usage: git [-v | --version] [-h | --help] [-C <path>] [-c <name>=<value>]\n           [--exec-path[=<path>]] [--html-path] [--man-path] [--info-path]\n           [-p | --paginate | -P | --no-pager] [--no-replace-objects] [--no-lazy-fetch]\n           [--no-optional-locks] [--no-advice] [--bare] [--git-dir=<path>]\n           [--work-tree=<path>] [--namespace=<name>] [--config-env=<name>=<envvar>]\n           <command> [<args>]\n\nThese are common Git commands used in various situations:\n\nstart a working area (see also: git help tutorial)\n   clone      Clone a repository into a new directory\n   init       Create an empty Git repository or reinitialize an existing one\n\nwork on the current change (see also: git help everyday)\n   add        Add file contents to the index\n   mv         Move or rename a file, a directory, or a symlink\n   restore    Restore working tree files\n   rm         Remove files from the working tree and from the index\n\nexamine the history and state (see also: git help revisions)\n   bisect     Use binary search to find the commit that introduced a bug\n   diff       Show changes between commits, commit and working tree, etc\n   grep       Print lines matching a pattern\n   log        Show commit logs\n   show       Show various types of objects\n   status     Show the working tree status\n\ngrow, mark and tweak your common history\n   backfill   Download missing objects in a partial clone\n   branch     List, create, or delete branches\n   commit     Record changes to the repository\n   merge      Join two or more development histories together\n   rebase     Reapply commits on top of another base tip\n   reset      Reset current HEAD to the specified state\n   switch     Switch branches\n   tag        Create, list, delete or verify tags\n\ncollaborate (see also: git help workflows)\n   fetch      Download objects and refs from another repository\n   pull       Fetch from and integrate with another repository or a local branch\n   push       Update remote refs along with associated objects\n\n'git help -a' and 'git help -g' list available subcommands and some\nconcept guides. See 'git help <command>' or 'git help <concept>'\nto read about a specific subcommand or concept.\nSee 'git help git' for an overview of the system.\n""
[0m10:18:17.547944 [debug] [MainThread]: STDERR: "b''"
[0m10:18:17.548350 [info ] [MainThread]:  - git [[32mOK found[0m]

[0m10:18:17.548841 [info ] [MainThread]: Connection:
[0m10:18:17.549296 [info ] [MainThread]:   host: aws-0-eu-central-1.pooler.supabase.com
[0m10:18:17.549763 [info ] [MainThread]:   port: 5432
[0m10:18:17.550184 [info ] [MainThread]:   user: postgres
[0m10:18:17.550623 [info ] [MainThread]:   database: postgres
[0m10:18:17.551060 [info ] [MainThread]:   schema: dbt_serafim
[0m10:18:17.551509 [info ] [MainThread]:   connect_timeout: 10
[0m10:18:17.551935 [info ] [MainThread]:   role: None
[0m10:18:17.552349 [info ] [MainThread]:   search_path: None
[0m10:18:17.552789 [info ] [MainThread]:   keepalives_idle: 0
[0m10:18:17.553209 [info ] [MainThread]:   sslmode: None
[0m10:18:17.553712 [info ] [MainThread]:   sslcert: None
[0m10:18:17.554212 [info ] [MainThread]:   sslkey: None
[0m10:18:17.554732 [info ] [MainThread]:   sslrootcert: None
[0m10:18:17.555456 [info ] [MainThread]:   application_name: dbt
[0m10:18:17.556349 [info ] [MainThread]:   retries: 1
[0m10:18:17.557344 [info ] [MainThread]: Registered adapter: postgres=1.10.0
[0m10:18:17.652885 [debug] [MainThread]: Acquiring new postgres connection 'debug'
[0m10:18:17.799774 [debug] [MainThread]: Using postgres connection "debug"
[0m10:18:17.800310 [debug] [MainThread]: On debug: select 1 as id
[0m10:18:17.800760 [debug] [MainThread]: Opening a new connection, currently in state init
[0m10:18:17.921331 [debug] [MainThread]: Postgres adapter: Got a retryable error when attempting to open a postgres connection.
1 attempts remaining. Retrying in 0 seconds.
Error:
connection to server at "aws-0-eu-central-1.pooler.supabase.com" (18.198.145.223), port 5432 failed: FATAL:  Tenant or user not found
connection to server at "aws-0-eu-central-1.pooler.supabase.com" (18.198.145.223), port 5432 failed: FATAL:  Tenant or user not found

[0m10:18:17.990410 [debug] [MainThread]: Postgres adapter: Error running SQL: select 1 as id
[0m10:18:17.991108 [debug] [MainThread]: Postgres adapter: Rolling back transaction.
[0m10:18:17.991693 [debug] [MainThread]: On debug: No close available on handle
[0m10:18:17.992201 [info ] [MainThread]:   Connection test: [[31mERROR[0m]

[0m10:18:17.992923 [info ] [MainThread]: [31m2 checks failed:[0m
[0m10:18:17.993479 [info ] [MainThread]: Project loading failed for the following reason:
 project path </workspaces/growth-engine/dbt_project.yml> not found

[0m10:18:17.993960 [info ] [MainThread]: dbt was unable to connect to the specified database.
The database returned the following error:

  >Database Error
  connection to server at "aws-0-eu-central-1.pooler.supabase.com" (18.198.145.223), port 5432 failed: FATAL:  Tenant or user not found
  connection to server at "aws-0-eu-central-1.pooler.supabase.com" (18.198.145.223), port 5432 failed: FATAL:  Tenant or user not found
  

Check your database credentials and try again. For more information, visit:
https://docs.getdbt.com/docs/configure-your-profile


[0m10:18:17.995096 [debug] [MainThread]: Resource report: {"command_name": "debug", "command_success": false, "command_wall_clock_time": 0.57316566, "process_in_blocks": "2200", "process_kernel_time": 0.17027, "process_mem_max_rss": "133956", "process_out_blocks": "24", "process_user_time": 2.718354}
[0m10:18:17.995723 [debug] [MainThread]: Command `dbt debug` failed at 10:18:17.995611 after 0.57 seconds
[0m10:18:17.996144 [debug] [MainThread]: Connection 'debug' was properly closed.
[0m10:18:17.996599 [debug] [MainThread]: Sending event: {'category': 'dbt', 'action': 'invocation', 'label': 'end', 'context': [<snowplow_tracker.self_describing_json.SelfDescribingJson object at 0x792a4b107e30>, <snowplow_tracker.self_describing_json.SelfDescribingJson object at 0x792a4caad760>, <snowplow_tracker.self_describing_json.SelfDescribingJson object at 0x792a4cc57e00>]}
[0m10:18:17.997089 [debug] [MainThread]: Flushing usage events
[0m10:18:18.368902 [debug] [MainThread]: An error was encountered while trying to flush usage events
